<?xml version="1.0" encoding="UTF-8"?>
<!-- Generated by org.testng.reporters.JUnitReportReporter -->
<testsuite skipped="0" hostname="infotrack115" name="com.Test.Automation.TestCases.Login_Page_TC" tests="17" failures="0" timestamp="2020-02-11T17:14:41 IST" time="79.323" errors="0">
  <testcase name="test_login_to_app" time="3.668" classname="com.Test.Automation.TestCases.Login_Page_TC"/>
  <system-out/>
  <testcase name="test_login_to_app" time="6.279" classname="com.Test.Automation.TestCases.Login_Page_TC"/>
  <system-out/>
  <testcase name="test_login_to_app" time="5.882" classname="com.Test.Automation.TestCases.Login_Page_TC"/>
  <system-out/>
  <testcase name="test_login_to_app" time="6.050" classname="com.Test.Automation.TestCases.Login_Page_TC"/>
  <system-out/>
  <testcase name="test_login_to_app" time="3.727" classname="com.Test.Automation.TestCases.Login_Page_TC"/>
  <system-out/>
  <testcase name="test_login_to_app" time="3.697" classname="com.Test.Automation.TestCases.Login_Page_TC"/>
  <system-out/>
  <testcase name="test_login_to_app" time="4.128" classname="com.Test.Automation.TestCases.Login_Page_TC"/>
  <system-out/>
  <testcase name="test_login_to_app" time="5.472" classname="com.Test.Automation.TestCases.Login_Page_TC"/>
  <system-out/>
  <testcase name="test_login_to_app" time="3.779" classname="com.Test.Automation.TestCases.Login_Page_TC"/>
  <system-out/>
  <testcase name="test_login_to_app" time="5.160" classname="com.Test.Automation.TestCases.Login_Page_TC"/>
  <system-out/>
  <testcase name="test_login_to_app" time="3.937" classname="com.Test.Automation.TestCases.Login_Page_TC"/>
  <system-out/>
  <testcase name="test_login_to_app" time="6.090" classname="com.Test.Automation.TestCases.Login_Page_TC"/>
  <system-out/>
  <testcase name="test_login_to_app" time="3.567" classname="com.Test.Automation.TestCases.Login_Page_TC"/>
  <system-out/>
  <testcase name="test_login_to_app" time="3.589" classname="com.Test.Automation.TestCases.Login_Page_TC"/>
  <system-out/>
  <testcase name="test_login_to_app" time="5.631" classname="com.Test.Automation.TestCases.Login_Page_TC"/>
  <system-out/>
  <testcase name="test_login_to_app" time="3.496" classname="com.Test.Automation.TestCases.Login_Page_TC"/>
  <system-out/>
  <testcase name="test_login_to_app" time="5.171" classname="com.Test.Automation.TestCases.Login_Page_TC"/>
  <system-out/>
</testsuite> <!-- com.Test.Automation.TestCases.Login_Page_TC -->
